# JRE version: OpenJDK Runtime Environment SapMachine (11.0.13+8) (build 11.0.13+8-LTS-sapmachine)
# Java VM: OpenJDK 64-Bit Server VM SapMachine (11.0.13+8-LTS-sapmachine, mixed mode, tiered, compressed oops, g1 gc, bsd-amd64)
Heap:
 garbage-first heap   total 131072K, used 25748K [0x0000000780000000, 0x0000000800000000)
  region size 1024K, 21 young (21504K), 4 survivors (4096K)
 Metaspace       used 24985K, capacity 25933K, committed 26240K, reserved 1071104K
  class space    used 3190K, capacity 3598K, committed 3712K, reserved 1048576K
GC Heap History (6 events):
Event: 0.928 GC heap before
{Heap before GC invocations=0 (full 0):
 garbage-first heap   total 131072K, used 13312K [0x0000000780000000, 0x0000000800000000)
  region size 1024K, 14 young (14336K), 0 survivors (0K)
 Metaspace       used 10299K, capacity 10642K, committed 10880K, reserved 1058816K
  class space    used 1025K, capacity 1152K, committed 1152K, reserved 1048576K
}
Event: 0.932 GC heap after
{Heap after GC invocations=1 (full 0):
 garbage-first heap   total 131072K, used 3061K [0x0000000780000000, 0x0000000800000000)
  region size 1024K, 2 young (2048K), 2 survivors (2048K)
 Metaspace       used 10299K, capacity 10642K, committed 10880K, reserved 1058816K
  class space    used 1025K, capacity 1152K, committed 1152K, reserved 1048576K
}
Event: 1.051 GC heap before
{Heap before GC invocations=1 (full 0):
 garbage-first heap   total 131072K, used 8181K [0x0000000780000000, 0x0000000800000000)
  region size 1024K, 7 young (7168K), 2 survivors (2048K)
 Metaspace       used 12300K, capacity 12639K, committed 13056K, reserved 1060864K
  class space    used 1311K, capacity 1456K, committed 1536K, reserved 1048576K
}
Event: 1.063 GC heap after
{Heap after GC invocations=2 (full 0):
 garbage-first heap   total 131072K, used 3450K [0x0000000780000000, 0x0000000800000000)
  region size 1024K, 1 young (1024K), 1 survivors (1024K)
 Metaspace       used 12300K, capacity 12639K, committed 13056K, reserved 1060864K
  class space    used 1311K, capacity 1456K, committed 1536K, reserved 1048576K
}
Event: 1.787 GC heap before
{Heap before GC invocations=2 (full 0):
 garbage-first heap   total 131072K, used 24954K [0x0000000780000000, 0x0000000800000000)
  region size 1024K, 24 young (24576K), 1 survivors (1024K)
 Metaspace       used 20635K, capacity 21190K, committed 21248K, reserved 1067008K
  class space    used 2509K, capacity 2772K, committed 2816K, reserved 1048576K
}
Event: 1.797 GC heap after
{Heap after GC invocations=3 (full 0):
 garbage-first heap   total 131072K, used 7316K [0x0000000780000000, 0x0000000800000000)
  region size 1024K, 4 young (4096K), 4 survivors (4096K)
 Metaspace       used 20635K, capacity 21190K, committed 21248K, reserved 1067008K
  class space    used 2509K, capacity 2772K, committed 2816K, reserved 1048576K
}

