# JRE version: OpenJDK Runtime Environment SapMachine (11.0.13+8) (build 11.0.13+8-LTS-sapmachine)
# Java VM: OpenJDK 64-Bit Server VM SapMachine (11.0.13+8-LTS-sapmachine, mixed mode, tiered, compressed oops, g1 gc, bsd-amd64)
Heap:
 garbage-first heap   total 131072K, used 35756K [0x0000000780000000, 0x0000000800000000)
  region size 1024K, 28 young (28672K), 6 survivors (6144K)
 Metaspace       used 28540K, capacity 29600K, committed 29824K, reserved 1075200K
  class space    used 3398K, capacity 3843K, committed 3968K, reserved 1048576K
GC Heap History (8 events):
Event: 0.852 GC heap before
{Heap before GC invocations=0 (full 0):
 garbage-first heap   total 131072K, used 13312K [0x0000000780000000, 0x0000000800000000)
  region size 1024K, 14 young (14336K), 0 survivors (0K)
 Metaspace       used 10425K, capacity 10724K, committed 11008K, reserved 1058816K
  class space    used 1048K, capacity 1154K, committed 1280K, reserved 1048576K
}
Event: 0.856 GC heap after
{Heap after GC invocations=1 (full 0):
 garbage-first heap   total 131072K, used 3124K [0x0000000780000000, 0x0000000800000000)
  region size 1024K, 2 young (2048K), 2 survivors (2048K)
 Metaspace       used 10425K, capacity 10724K, committed 11008K, reserved 1058816K
  class space    used 1048K, capacity 1154K, committed 1280K, reserved 1048576K
}
Event: 1.193 GC heap before
{Heap before GC invocations=1 (full 0):
 garbage-first heap   total 131072K, used 14388K [0x0000000780000000, 0x0000000800000000)
  region size 1024K, 13 young (13312K), 2 survivors (2048K)
 Metaspace       used 15854K, capacity 16299K, committed 16512K, reserved 1064960K
  class space    used 1706K, capacity 1883K, committed 1920K, reserved 1048576K
}
Event: 1.197 GC heap after
{Heap after GC invocations=2 (full 0):
 garbage-first heap   total 131072K, used 4586K [0x0000000780000000, 0x0000000800000000)
  region size 1024K, 2 young (2048K), 2 survivors (2048K)
 Metaspace       used 15854K, capacity 16299K, committed 16512K, reserved 1064960K
  class space    used 1706K, capacity 1883K, committed 1920K, reserved 1048576K
}
Event: 1.860 GC heap before
{Heap before GC invocations=2 (full 0):
 garbage-first heap   total 131072K, used 19946K [0x0000000780000000, 0x0000000800000000)
  region size 1024K, 19 young (19456K), 2 survivors (2048K)
 Metaspace       used 20639K, capacity 21172K, committed 21248K, reserved 1067008K
  class space    used 2502K, capacity 2762K, committed 2816K, reserved 1048576K
}
Event: 1.866 GC heap after
{Heap after GC invocations=3 (full 0):
 garbage-first heap   total 131072K, used 7339K [0x0000000780000000, 0x0000000800000000)
  region size 1024K, 5 young (5120K), 5 survivors (5120K)
 Metaspace       used 20639K, capacity 21172K, committed 21248K, reserved 1067008K
  class space    used 2502K, capacity 2762K, committed 2816K, reserved 1048576K
}
Event: 20.013 GC heap before
{Heap before GC invocations=4 (full 0):
 garbage-first heap   total 131072K, used 45227K [0x0000000780000000, 0x0000000800000000)
  region size 1024K, 41 young (41984K), 5 survivors (5120K)
 Metaspace       used 27895K, capacity 28884K, committed 29056K, reserved 1075200K
  class space    used 3398K, capacity 3843K, committed 3968K, reserved 1048576K
}
Event: 20.052 GC heap after
{Heap after GC invocations=5 (full 0):
 garbage-first heap   total 131072K, used 14252K [0x0000000780000000, 0x0000000800000000)
  region size 1024K, 6 young (6144K), 6 survivors (6144K)
 Metaspace       used 27895K, capacity 28884K, committed 29056K, reserved 1075200K
  class space    used 3398K, capacity 3843K, committed 3968K, reserved 1048576K
}

